<?xml version="1.0" encoding="UTF-8"?>
<testng-results skipped="0" failed="0" ignored="0" total="1" passed="1">
  <reporter-output>
  </reporter-output>
  <suite name="Surefire suite" duration-ms="728" started-at="2019-05-13T02:52:37Z" finished-at="2019-05-13T02:52:37Z">
    <groups>
      <group name="cucumber">
        <method signature="AbstractTestNGCucumberTests.feature(cucumber.api.testng.CucumberFeatureWrapper)[pri:0, instance:runner.testRunner@649d209a]" name="feature" class="cucumber.api.testng.AbstractTestNGCucumberTests"/>
      </group> <!-- cucumber -->
    </groups>
    <test name="Surefire test" duration-ms="728" started-at="2019-05-13T02:52:37Z" finished-at="2019-05-13T02:52:37Z">
      <class name="runner.testRunner">
        <test-method status="PASS" signature="setUpClass()[pri:0, instance:runner.testRunner@649d209a]" name="setUpClass" is-config="true" duration-ms="256" started-at="2019-05-13T02:52:37Z" finished-at="2019-05-13T02:52:37Z">
          <reporter-output>
          </reporter-output>
        </test-method> <!-- setUpClass -->
        <test-method status="PASS" signature="feature(cucumber.api.testng.CucumberFeatureWrapper)[pri:0, instance:runner.testRunner@649d209a]" name="feature" duration-ms="312" started-at="2019-05-13T02:52:37Z" description="Runs Cucumber Feature" data-provider="features" finished-at="2019-05-13T02:52:37Z">
          <params>
            <param index="0">
              <value>
                <![CDATA[Sample]]>
              </value>
            </param>
          </params>
          <reporter-output>
          </reporter-output>
        </test-method> <!-- feature -->
        <test-method status="PASS" signature="tearDownClass()[pri:0, instance:runner.testRunner@649d209a]" name="tearDownClass" is-config="true" duration-ms="11" started-at="2019-05-13T02:52:37Z" finished-at="2019-05-13T02:52:37Z">
          <reporter-output>
          </reporter-output>
        </test-method> <!-- tearDownClass -->
      </class> <!-- runner.testRunner -->
    </test> <!-- Surefire test -->
  </suite> <!-- Surefire suite -->
</testng-results>
